[2026-03-12 11:35:56]
To: JUSTINGUO0110@GMAIL.COM
Subject: VR Mall 密碼重設
Reason: log transport
HTML:
<p>郭力廷 您好：</p><p>請在 30 分鐘內點擊下方連結重設密碼：</p><p><a href="https://localhost/VR%20shop/views/reset_password.php?token=aa7a8ee37704f35d31ad3f1be123f3dec0ef9a85ca53dbcc88a0ecc41095ab07">https://localhost/VR%20shop/views/reset_password.php?token=aa7a8ee37704f35d31ad3f1be123f3dec0ef9a85ca53dbcc88a0ecc41095ab07</a></p><p>若您未發出此請求，請忽略此信。</p>
Text:
郭力廷 您好：
請在 30 分鐘內開啟以下連結重設密碼：
https://localhost/VR%20shop/views/reset_password.php?token=aa7a8ee37704f35d31ad3f1be123f3dec0ef9a85ca53dbcc88a0ecc41095ab07
若您未發出此請求，請忽略此信。
-----------------
[2026-03-12 12:12:47]
To: justinguo0110@gmail.com
Subject: VR Mall 測試信件
Reason: PHPMailer not installed (composer require phpmailer/phpmailer)
HTML:
<h2>這是一封測試信件</h2><p>如果你收到這份信，表示 SMTP 設定成功！</p>
Text:
如果你收到這份信，表示 SMTP 設定成功！
-----------------
[2026-03-14 13:58:03]
To: justinguo0110@gmail.com
Subject: VR Mall 密碼重設
Reason: PHPMailer not installed (composer require phpmailer/phpmailer)
HTML:
<p>郭力廷 您好：</p><p>請在 30 分鐘內點擊下方連結重設密碼：</p><p><a href="http://localhostc:\xampp\htdocs/views/reset_password.php?token=13dfb7d1b483d000de91c8e3dee7512a028aff40a391f953c488c93a6fcd40a0">http://localhostc:\xampp\htdocs/views/reset_password.php?token=13dfb7d1b483d000de91c8e3dee7512a028aff40a391f953c488c93a6fcd40a0</a></p><p>若您未發出此請求，請忽略此信。</p>
Text:
郭力廷 您好：
請在 30 分鐘內開啟以下連結重設密碼：
http://localhostc:\xampp\htdocs/views/reset_password.php?token=13dfb7d1b483d000de91c8e3dee7512a028aff40a391f953c488c93a6fcd40a0
若您未發出此請求，請忽略此信。
-----------------
[2026-03-14 13:58:45]
To: JUSTINGUO0110@GMAIL.COM
Subject: VR Mall 密碼重設
Reason: PHPMailer not installed (composer require phpmailer/phpmailer)
HTML:
<p>郭力廷 您好：</p><p>請在 30 分鐘內點擊下方連結重設密碼：</p><p><a href="https://localhost/VR%20shop/views/reset_password.php?token=c67ac5a0842257209f2a48b100f8ee15d4e1b931d0fef5e1542b2192c380935f">https://localhost/VR%20shop/views/reset_password.php?token=c67ac5a0842257209f2a48b100f8ee15d4e1b931d0fef5e1542b2192c380935f</a></p><p>若您未發出此請求，請忽略此信。</p>
Text:
郭力廷 您好：
請在 30 分鐘內開啟以下連結重設密碼：
https://localhost/VR%20shop/views/reset_password.php?token=c67ac5a0842257209f2a48b100f8ee15d4e1b931d0fef5e1542b2192c380935f
若您未發出此請求，請忽略此信。
-----------------
[2026-03-14 14:30:03]
To: JUSTINGUO0110@GMAIL.COM
Subject: VR Mall 密碼重設
Reason: log transport
HTML:
<p>郭力廷 您好：</p><p>請在 30 分鐘內點擊下方連結重設密碼：</p><p><a href="https://localhost/VR%20shop/views/reset_password.php?token=f68febd80414ec11b39699218501b00b492bca930a979f0f5bdd305d5e6e7f98">https://localhost/VR%20shop/views/reset_password.php?token=f68febd80414ec11b39699218501b00b492bca930a979f0f5bdd305d5e6e7f98</a></p><p>若您未發出此請求，請忽略此信。</p>
Text:
郭力廷 您好：
請在 30 分鐘內開啟以下連結重設密碼：
https://localhost/VR%20shop/views/reset_password.php?token=f68febd80414ec11b39699218501b00b492bca930a979f0f5bdd305d5e6e7f98
若您未發出此請求，請忽略此信。
-----------------
[2026-03-14 14:30:29]
To: JUSTINGUO0110@GMAIL.COM
Subject: VR Mall 密碼重設
Reason: log transport
HTML:
<p>郭力廷 您好：</p><p>請在 30 分鐘內點擊下方連結重設密碼：</p><p><a href="https://localhost/VR%20shop/views/reset_password.php?token=aef2188035206e887df212b13ad4d11ea992d31e483a09e7fbe99dee050d43ef">https://localhost/VR%20shop/views/reset_password.php?token=aef2188035206e887df212b13ad4d11ea992d31e483a09e7fbe99dee050d43ef</a></p><p>若您未發出此請求，請忽略此信。</p>
Text:
郭力廷 您好：
請在 30 分鐘內開啟以下連結重設密碼：
https://localhost/VR%20shop/views/reset_password.php?token=aef2188035206e887df212b13ad4d11ea992d31e483a09e7fbe99dee050d43ef
若您未發出此請求，請忽略此信。
-----------------
